#
# A fatal error has been detected by the Java Runtime Environment:
#
#  EXCEPTION_ACCESS_VIOLATION (0xc0000005) at pc=0x00007ffce7ac6ba1, pid=6836, tid=1704
#
# JRE version: OpenJDK Runtime Environment Temurin-17.0.2+8 (17.0.2+8) (build 17.0.2+8)
# Java VM: OpenJDK 64-Bit Server VM Temurin-17.0.2+8 (17.0.2+8, mixed mode, emulated-client, tiered, compressed oops, compressed class ptrs, g1 gc, windows-amd64)
# Problematic frame:
# V  [jvm.dll+0x306ba1]
#
# No core dump will be written. Minidumps are not enabled by default on client versions of Windows
#
# If you would like to submit a bug report, please visit:
#   https://github.com/adoptium/adoptium-support/issues
#

---------------  S U M M A R Y ------------

Command Line: -Dcom.sun.management.jmxremote -Dcom.sun.management.jmxremote.port=64680 -Dcom.sun.management.jmxremote.authenticate=false -Dcom.sun.management.jmxremote.ssl=false -Djava.rmi.server.hostname=localhost -Dspring.jmx.enabled=true -Dspring.application.admin.enabled=true -XX:TieredStopAtLevel=1 -Dspring.boot.project.name=academia -Dfile.encoding=UTF-8 -XX:+ShowCodeDetailsInExceptionMessages com.residencia.academia.AcademiaApplication --spring.output.ansi.enabled=always

Host: Intel(R) Core(TM) i3 CPU       M 370  @ 2.40GHz, 4 cores, 3G,  Windows 10 , 64 bit Build 19041 (10.0.19041.1706)
Time: Tue May 24 20:51:52 2022 Hora oficial do Brasil elapsed time: 3.920009 seconds (0d 0h 0m 3s)

---------------  T H R E A D  ---------------

Current thread (0x00000136c0d31710):  GCTaskThread "GC Thread#1" [stack: 0x000000275cf00000,0x000000275d000000] [id=1704]

Stack: [0x000000275cf00000,0x000000275d000000],  sp=0x000000275cfff6b0,  free space=1021k
Native frames: (J=compiled Java code, j=interpreted, Vv=VM code, C=native code)
V  [jvm.dll+0x306ba1]
V  [jvm.dll+0x30397e]
V  [jvm.dll+0x3162fb]
V  [jvm.dll+0x1f4ca4]
V  [jvm.dll+0x3038fb]
V  [jvm.dll+0x1f7548]
V  [jvm.dll+0x317570]
V  [jvm.dll+0x3173b5]
V  [jvm.dll+0x2de534]
V  [jvm.dll+0x2dff8b]
V  [jvm.dll+0x85d03b]
V  [jvm.dll+0x85d086]
V  [jvm.dll+0x7dff2a]
V  [jvm.dll+0x6744d5]
C  [ucrtbase.dll+0x21bb2]
C  [KERNEL32.DLL+0x17034]
C  [ntdll.dll+0x52651]


siginfo: EXCEPTION_ACCESS_VIOLATION (0xc0000005), reading address 0x000000008583bdf8


Register to memory mapping:

RIP=0x00007ffce7ac6ba1 jvm.dll
RAX=0x00000136af8a481c points into unknown readable memory: 00 00 00 00
RBX=0x00000000c67df1d5 is pointing into object: java.time.format.DateTimeFormatter 
{0x00000000c67df1c8} - klass: 'java/time/format/DateTimeFormatter'
 - ---- fields (total size 5 words):
 - private final 'printerParser' 'Ljava/time/format/DateTimeFormatterBuilder$CompositePrinterParser;' @12  
[error occurred during error reporting (printing register info), id 0xc0000005, EXCEPTION_ACCESS_VIOLATION (0xc0000005) at pc=0x00007ffce7b500be]

Registers:
RAX=0x00000136af8a481c, RBX=0x00000000c67df1d5, RCX=0x0000000000000000, RDX=0x0000000000000858
RSP=0x000000275cfff6b0, RBP=0x000000000000008b, RSI=0x00000000c67df1d4, RDI=0x00000136c0c9dd90
R8 =0x00000000c67df1c8, R9 =0x00000000c364c3e8, R10=0x000000008583bdf8, R11=0x0000000000000001
R12=0x00000136c0cca038, R13=0x00000000000003d8, R14=0x0000000000000040, R15=0x0000000000000000
RIP=0x00007ffce7ac6ba1, EFLAGS=0x0000000000010246

Top of Stack: (sp=0x000000275cfff6b0)
0x000000275cfff6b0:   0000000000000000 00007ffce7ac0001
0x000000275cfff6c0:   00000000c5810001 0000000000000009
0x000000275cfff6d0:   000000275cfff750 00000067f4d2e801
0x000000275cfff6e0:   0000000000000001 0000013600000000
0x000000275cfff6f0:   00000136c0c9dd90 00000136c2d3f410
0x000000275cfff700:   00000136c2d3f448 00000000c581b108
0x000000275cfff710:   00000136c112c3b0 0000000000000020
0x000000275cfff720:   00000136c0c9dd90 00007ffce7ac397e
0x000000275cfff730:   00000136c2c56248 00000136c2d3f410
0x000000275cfff740:   00000136c2d30000 00000000000003d8
0x000000275cfff750:   00000000025025d0 00000002252ae374
0x000000275cfff760:   00000136c112c3b0 00000136c2d3f448
0x000000275cfff770:   00000136c2d3f448 00007ffce7ad62fb
0x000000275cfff780:   0000000000000000 00007ffce7fa0001
0x000000275cfff790:   0000000000000001 0000003dbbed6809
0x000000275cfff7a0:   00000136c112c3b0 00007ffce79b4ca4 

Instructions: (pc=0x00007ffce7ac6ba1)
0x00007ffce7ac6aa1:   1b fd ff ff 66 66 66 0f 1f 84 00 00 00 00 00 48
0x00007ffce7ac6ab1:   8b 77 10 8b ae 80 00 00 00 8b cd 8b 86 00 01 00
0x00007ffce7ac6ac1:   00 2b c8 81 e1 ff ff 01 00 41 3b ce 0f 86 06 03
0x00007ffce7ac6ad1:   00 00 ff cd 81 e5 ff ff 01 00 89 ae 80 00 00 00
0x00007ffce7ac6ae1:   e8 1a fe 35 00 8b 86 00 01 00 00 8b cd 48 8b 9e
0x00007ffce7ac6af1:   80 01 00 00 2b c8 81 e1 ff ff 01 00 8b d5 81 f9
0x00007ffce7ac6b01:   ff ff 01 00 48 8b 1c eb 41 0f 44 cf 85 c9 75 41
0x00007ffce7ac6b11:   48 8b 86 00 01 00 00 48 8b c8 48 89 44 24 28 48
0x00007ffce7ac6b21:   c1 e9 20 ff c1 89 6c 24 20 89 4c 24 24 3b e8 0f
0x00007ffce7ac6b31:   85 91 02 00 00 48 c1 e1 20 48 0b ca f0 48 0f b1
0x00007ffce7ac6b41:   8e 00 01 00 00 0f 85 7b 02 00 00 8b 86 00 01 00
0x00007ffce7ac6b51:   00 f6 c3 01 0f 84 3c 01 00 00 8b 0d 77 77 7f 00
0x00007ffce7ac6b61:   48 8d 73 ff 48 8b 47 08 44 8b 16 49 d3 e2 4c 03
0x00007ffce7ac6b71:   15 5a 77 7f 00 8b 88 90 05 00 00 49 8b d2 48 8b
0x00007ffce7ac6b81:   80 80 05 00 00 48 d3 ea 0f b7 0c 50 66 89 8c 24
0x00007ffce7ac6b91:   90 00 00 00 66 c1 e9 08 84 c9 0f 88 0f ff ff ff
0x00007ffce7ac6ba1:   4d 8b 02 41 0f b6 c0 24 03 3c 03 75 1e 44 38 3d
0x00007ffce7ac6bb1:   fb 36 86 00 74 0f 41 0f b6 c0 24 07 3c 05 75 05
0x00007ffce7ac6bc1:   4d 8b c7 eb 1f 49 83 e0 fc eb 19 0f b7 94 24 90
0x00007ffce7ac6bd1:   00 00 00 4d 8b c8 4d 8b c2 48 8b cf e8 1e ef ff
0x00007ffce7ac6be1:   ff 4c 8b c0 8b 0d ed 76 7f 00 49 8b d0 48 2b 15
0x00007ffce7ac6bf1:   db 76 7f 00 48 d3 ea 89 16 49 8b d0 8b 0d 2d 3f
0x00007ffce7ac6c01:   86 00 48 33 d6 48 d3 ea 48 85 d2 0f 84 9e fe ff
0x00007ffce7ac6c11:   ff 48 8b 47 08 48 8b d6 8b 88 c0 01 00 00 48 8b
0x00007ffce7ac6c21:   80 b0 01 00 00 48 d3 ea 48 8b 0c d0 8b 81 94 00
0x00007ffce7ac6c31:   00 00 d1 e8 a8 01 0f 85 73 fe ff ff 48 8b 47 08
0x00007ffce7ac6c41:   8b 88 90 05 00 00 48 8b 80 80 05 00 00 49 d3 e8
0x00007ffce7ac6c51:   46 38 3c 40 0f 84 55 fe ff ff 48 8b 47 60 48 c1
0x00007ffce7ac6c61:   ee 09 48 8b 58 40 48 8b 48 38 48 03 de 48 2b d9
0x00007ffce7ac6c71:   48 39 9f b0 01 00 00 0f 84 32 fe ff ff 48 8d 14
0x00007ffce7ac6c81:   0b 48 8d 4f 18 e8 c5 40 00 00 48 89 9f b0 01 00
0x00007ffce7ac6c91:   00 e9 19 fe ff ff f6 c3 03 0f 85 16 01 00 00 48 


Stack slot to memory mapping:
stack at sp + 0 slots: 0x0 is NULL
stack at sp + 1 slots: 0x00007ffce7ac0001 jvm.dll
stack at sp + 2 slots: 0x00000000c5810001 is pointing into object: [B 
{0x00000000c580fff0} - klass: {type array byte}
 - length: 21
stack at sp + 3 slots: 0x0000000000000009 is an unknown value
stack at sp + 4 slots: 0x000000275cfff750 points into unknown readable memory: 0x00000000025025d0 | d0 25 50 02 00 00 00 00
stack at sp + 5 slots: 0x00000067f4d2e801 is an unknown value
stack at sp + 6 slots: 0x0000000000000001 is an unknown value
stack at sp + 7 slots: 0x0000013600000000 is an unknown value


---------------  P R O C E S S  ---------------

Threads class SMR info:
_java_thread_list=0x00000136c2c7a600, length=23, elements={
0x00000136af8798a0, 0x00000136bc5ea630, 0x00000136bc5ecde0, 0x00000136bc5fcfc0,
0x00000136bc5fd9e0, 0x00000136bc5ffa50, 0x00000136bc600ab0, 0x00000136bc602ea0,
0x00000136bc629d30, 0x00000136bd048420, 0x00000136bd0aa790, 0x00000136bd179eb0,
0x00000136c0ca4030, 0x00000136c0c8ee20, 0x00000136c0cfa2f0, 0x00000136c1006060,
0x00000136c0ca6700, 0x00000136c0c4f500, 0x00000136c103e160, 0x00000136c1056980,
0x00000136c10fa350, 0x00000136c10f9010, 0x00000136c10f94e0
}

Java Threads: ( => current thread )
  0x00000136af8798a0 JavaThread "main" [_thread_blocked, id=1112, stack(0x000000275b900000,0x000000275ba00000)]
  0x00000136bc5ea630 JavaThread "Reference Handler" daemon [_thread_blocked, id=11744, stack(0x000000275c000000,0x000000275c100000)]
  0x00000136bc5ecde0 JavaThread "Finalizer" daemon [_thread_blocked, id=2804, stack(0x000000275c100000,0x000000275c200000)]
  0x00000136bc5fcfc0 JavaThread "Signal Dispatcher" daemon [_thread_blocked, id=11952, stack(0x000000275c200000,0x000000275c300000)]
  0x00000136bc5fd9e0 JavaThread "Attach Listener" daemon [_thread_blocked, id=10604, stack(0x000000275c300000,0x000000275c400000)]
  0x00000136bc5ffa50 JavaThread "Service Thread" daemon [_thread_blocked, id=13804, stack(0x000000275c400000,0x000000275c500000)]
  0x00000136bc600ab0 JavaThread "Monitor Deflation Thread" daemon [_thread_blocked, id=2972, stack(0x000000275c500000,0x000000275c600000)]
  0x00000136bc602ea0 JavaThread "C1 CompilerThread0" daemon [_thread_blocked, id=13140, stack(0x000000275c600000,0x000000275c700000)]
  0x00000136bc629d30 JavaThread "Sweeper thread" daemon [_thread_blocked, id=1596, stack(0x000000275c700000,0x000000275c800000)]
  0x00000136bd048420 JavaThread "Common-Cleaner" daemon [_thread_blocked, id=13624, stack(0x000000275c800000,0x000000275c900000)]
  0x00000136bd0aa790 JavaThread "C1 CompilerThread1" daemon [_thread_blocked, id=7284, stack(0x000000275c900000,0x000000275ca00000)]
  0x00000136bd179eb0 JavaThread "Notification Thread" daemon [_thread_blocked, id=9912, stack(0x000000275ca00000,0x000000275cb00000)]
  0x00000136c0ca4030 JavaThread "RMI TCP Accept-0" daemon [_thread_in_native, id=13544, stack(0x000000275cb00000,0x000000275cc00000)]
  0x00000136c0c8ee20 JavaThread "RMI TCP Accept-64680" daemon [_thread_in_native, id=7748, stack(0x000000275cc00000,0x000000275cd00000)]
  0x00000136c0cfa2f0 JavaThread "RMI TCP Accept-0" daemon [_thread_in_native, id=12376, stack(0x000000275cd00000,0x000000275ce00000)]
  0x00000136c1006060 JavaThread "C1 CompilerThread2" daemon [_thread_blocked, id=13148, stack(0x000000275d400000,0x000000275d500000)]
  0x00000136c0ca6700 JavaThread "RMI TCP Connection(1)-127.0.0.1" daemon [_thread_in_native, id=8040, stack(0x000000275d500000,0x000000275d600000)]
  0x00000136c0c4f500 JavaThread "RMI Scheduler(0)" daemon [_thread_blocked, id=660, stack(0x000000275d600000,0x000000275d700000)]
  0x00000136c103e160 JavaThread "RMI TCP Connection(2)-127.0.0.1" daemon [_thread_in_native, id=13960, stack(0x000000275d700000,0x000000275d800000)]
  0x00000136c1056980 JavaThread "JMX server connection timeout 21" daemon [_thread_blocked, id=6780, stack(0x000000275d800000,0x000000275d900000)]
  0x00000136c10fa350 JavaThread "Thread-0" [_thread_blocked, id=1460, stack(0x000000275d900000,0x000000275da00000)]
  0x00000136c10f9010 JavaThread "restartedMain" [_thread_blocked, id=15184, stack(0x000000275da00000,0x000000275db00000)]
  0x00000136c10f94e0 JavaThread "background-preinit" [_thread_blocked, id=2960, stack(0x000000275db00000,0x000000275dc00000)]

Other Threads:
  0x00000136bc5d4450 VMThread "VM Thread" [stack: 0x000000275bf00000,0x000000275c000000] [id=9716]
  0x00000136af8b7ea0 WatcherThread [stack: 0x000000275ce00000,0x000000275cf00000] [id=10316]
  0x00000136af8a6cf0 GCTaskThread "GC Thread#0" [stack: 0x000000275ba00000,0x000000275bb00000] [id=11548]
=>0x00000136c0d31710 GCTaskThread "GC Thread#1" [stack: 0x000000275cf00000,0x000000275d000000] [id=1704]
  0x00000136c1022cf0 GCTaskThread "GC Thread#2" [stack: 0x000000275d000000,0x000000275d100000] [id=5040]
  0x00000136c1023fb0 GCTaskThread "GC Thread#3" [stack: 0x000000275d100000,0x000000275d200000] [id=6900]
  0x00000136af8b0510 ConcurrentGCThread "G1 Main Marker" [stack: 0x000000275bb00000,0x000000275bc00000] [id=12788]
  0x00000136af8b0e30 ConcurrentGCThread "G1 Conc#0" [stack: 0x000000275bc00000,0x000000275bd00000] [id=5768]
  0x00000136af8ef3e0 ConcurrentGCThread "G1 Refine#0" [stack: 0x000000275bd00000,0x000000275be00000] [id=11372]
  0x00000136c0d319c0 ConcurrentGCThread "G1 Refine#1" [stack: 0x000000275d200000,0x000000275d300000] [id=13968]
  0x00000136bd1a1390 ConcurrentGCThread "G1 Refine#2" [stack: 0x000000275d300000,0x000000275d400000] [id=2480]
  0x00000136af8f0cc0 ConcurrentGCThread "G1 Service" [stack: 0x000000275be00000,0x000000275bf00000] [id=2920]

Threads with active compile tasks:

VM state: at safepoint (normal execution)

VM Mutex/Monitor currently owned by a thread:  ([mutex/lock_event])
[0x00000136af875250] Threads_lock - owner thread: 0x00000136bc5d4450
[0x00000136af874f80] Heap_lock - owner thread: 0x00000136c10f94e0

Heap address: 0x00000000c3200000, size: 974 MB, Compressed Oops mode: 32-bit

CDS archive(s) not mapped
Compressed class space mapped at: 0x0000000100000000-0x0000000140000000, reserved size: 1073741824
Narrow klass base: 0x0000000000000000, Narrow klass shift: 3, Narrow klass range: 0x140000000

GC Precious Log:
 CPUs: 4 total, 4 available
 Memory: 3893M
 Large Page Support: Disabled
 NUMA Support: Disabled
 Compressed Oops: Enabled (32-bit)
 Heap Region Size: 1M
 Heap Min Capacity: 8M
 Heap Initial Capacity: 62M
 Heap Max Capacity: 974M
 Pre-touch: Disabled
 Parallel Workers: 4
 Concurrent Workers: 1
 Concurrent Refinement Workers: 4
 Periodic GC: Disabled

Heap:
 garbage-first heap   total 63488K, used 15260K [0x00000000c3200000, 0x0000000100000000)
  region size 1024K, 10 young (10240K), 3 survivors (3072K)
 Metaspace       used 21245K, committed 21504K, reserved 1073152K
  class space    used 2461K, committed 2624K, reserved 1048576K

Heap Regions: E=young(eden), S=young(survivor), O=old, HS=humongous(starts), HC=humongous(continues), CS=collection set, F=free, OA=open archive, CA=closed archive, TAMS=top-at-mark-start (previous, next)
|   0|0x00000000c3200000, 0x00000000c3300000, 0x00000000c3300000|100%|HS|  |TAMS 0x00000000c3200000, 0x00000000c3300000| Complete 
|   1|0x00000000c3300000, 0x00000000c3400000, 0x00000000c3400000|100%| O|  |TAMS 0x00000000c3300000, 0x00000000c3400000| Untracked 
|   2|0x00000000c3400000, 0x00000000c3500000, 0x00000000c3500000|100%| O|  |TAMS 0x00000000c3400000, 0x00000000c3500000| Untracked 
|   3|0x00000000c3500000, 0x00000000c3600000, 0x00000000c3600000|100%| O|  |TAMS 0x00000000c3500000, 0x00000000c3600000| Untracked 
|   4|0x00000000c3600000, 0x00000000c3700000, 0x00000000c3700000|100%| O|  |TAMS 0x00000000c3600000, 0x00000000c3700000| Untracked 
|   5|0x00000000c3700000, 0x00000000c3800000, 0x00000000c3800000|100%| O|  |TAMS 0x00000000c3700000, 0x00000000c3800000| Untracked 
|   6|0x00000000c3800000, 0x00000000c3849400, 0x00000000c3900000| 28%| O|  |TAMS 0x00000000c3800000, 0x00000000c3849400| Untracked 
|   7|0x00000000c3900000, 0x00000000c3900000, 0x00000000c3a00000|  0%| F|  |TAMS 0x00000000c3900000, 0x00000000c3900000| Untracked 
|   8|0x00000000c3a00000, 0x00000000c3a00000, 0x00000000c3b00000|  0%| F|  |TAMS 0x00000000c3a00000, 0x00000000c3a00000| Untracked 
|   9|0x00000000c3b00000, 0x00000000c3b00000, 0x00000000c3c00000|  0%| F|  |TAMS 0x00000000c3b00000, 0x00000000c3b00000| Untracked 
|  10|0x00000000c3c00000, 0x00000000c3c00000, 0x00000000c3d00000|  0%| F|  |TAMS 0x00000000c3c00000, 0x00000000c3c00000| Untracked 
|  11|0x00000000c3d00000, 0x00000000c3d00000, 0x00000000c3e00000|  0%| F|  |TAMS 0x00000000c3d00000, 0x00000000c3d00000| Untracked 
|  12|0x00000000c3e00000, 0x00000000c3e00000, 0x00000000c3f00000|  0%| F|  |TAMS 0x00000000c3e00000, 0x00000000c3e00000| Untracked 
|  13|0x00000000c3f00000, 0x00000000c3f00000, 0x00000000c4000000|  0%| F|  |TAMS 0x00000000c3f00000, 0x00000000c3f00000| Untracked 
|  14|0x00000000c4000000, 0x00000000c4000000, 0x00000000c4100000|  0%| F|  |TAMS 0x00000000c4000000, 0x00000000c4000000| Untracked 
|  15|0x00000000c4100000, 0x00000000c4100000, 0x00000000c4200000|  0%| F|  |TAMS 0x00000000c4100000, 0x00000000c4100000| Untracked 
|  16|0x00000000c4200000, 0x00000000c4200000, 0x00000000c4300000|  0%| F|  |TAMS 0x00000000c4200000, 0x00000000c4200000| Untracked 
|  17|0x00000000c4300000, 0x00000000c4300000, 0x00000000c4400000|  0%| F|  |TAMS 0x00000000c4300000, 0x00000000c4300000| Untracked 
|  18|0x00000000c4400000, 0x00000000c4400000, 0x00000000c4500000|  0%| F|  |TAMS 0x00000000c4400000, 0x00000000c4400000| Untracked 
|  19|0x00000000c4500000, 0x00000000c4500000, 0x00000000c4600000|  0%| F|  |TAMS 0x00000000c4500000, 0x00000000c4500000| Untracked 
|  20|0x00000000c4600000, 0x00000000c4600000, 0x00000000c4700000|  0%| F|  |TAMS 0x00000000c4600000, 0x00000000c4600000| Untracked 
|  21|0x00000000c4700000, 0x00000000c4700000, 0x00000000c4800000|  0%| F|  |TAMS 0x00000000c4700000, 0x00000000c4700000| Untracked 
|  22|0x00000000c4800000, 0x00000000c4800000, 0x00000000c4900000|  0%| F|  |TAMS 0x00000000c4800000, 0x00000000c4800000| Untracked 
|  23|0x00000000c4900000, 0x00000000c4900000, 0x00000000c4a00000|  0%| F|  |TAMS 0x00000000c4900000, 0x00000000c4900000| Untracked 
|  24|0x00000000c4a00000, 0x00000000c4a00000, 0x00000000c4b00000|  0%| F|  |TAMS 0x00000000c4a00000, 0x00000000c4a00000| Untracked 
|  25|0x00000000c4b00000, 0x00000000c4b00000, 0x00000000c4c00000|  0%| F|  |TAMS 0x00000000c4b00000, 0x00000000c4b00000| Untracked 
|  26|0x00000000c4c00000, 0x00000000c4c00000, 0x00000000c4d00000|  0%| F|  |TAMS 0x00000000c4c00000, 0x00000000c4c00000| Untracked 
|  27|0x00000000c4d00000, 0x00000000c4d00000, 0x00000000c4e00000|  0%| F|  |TAMS 0x00000000c4d00000, 0x00000000c4d00000| Untracked 
|  28|0x00000000c4e00000, 0x00000000c4e00000, 0x00000000c4f00000|  0%| F|  |TAMS 0x00000000c4e00000, 0x00000000c4e00000| Untracked 
|  29|0x00000000c4f00000, 0x00000000c4f00000, 0x00000000c5000000|  0%| F|  |TAMS 0x00000000c4f00000, 0x00000000c4f00000| Untracked 
|  30|0x00000000c5000000, 0x00000000c5000000, 0x00000000c5100000|  0%| F|  |TAMS 0x00000000c5000000, 0x00000000c5000000| Untracked 
|  31|0x00000000c5100000, 0x00000000c5100000, 0x00000000c5200000|  0%| F|  |TAMS 0x00000000c5100000, 0x00000000c5100000| Untracked 
|  32|0x00000000c5200000, 0x00000000c5200000, 0x00000000c5300000|  0%| F|  |TAMS 0x00000000c5200000, 0x00000000c5200000| Untracked 
|  33|0x00000000c5300000, 0x00000000c5300000, 0x00000000c5400000|  0%| F|  |TAMS 0x00000000c5300000, 0x00000000c5300000| Untracked 
|  34|0x00000000c5400000, 0x00000000c5400000, 0x00000000c5500000|  0%| F|  |TAMS 0x00000000c5400000, 0x00000000c5400000| Untracked 
|  35|0x00000000c5500000, 0x00000000c5500000, 0x00000000c5600000|  0%| F|  |TAMS 0x00000000c5500000, 0x00000000c5500000| Untracked 
|  36|0x00000000c5600000, 0x00000000c5600000, 0x00000000c5700000|  0%| F|  |TAMS 0x00000000c5600000, 0x00000000c5600000| Untracked 
|  37|0x00000000c5700000, 0x00000000c5700000, 0x00000000c5800000|  0%| F|  |TAMS 0x00000000c5700000, 0x00000000c5700000| Untracked 
|  38|0x00000000c5800000, 0x00000000c5854ed0, 0x00000000c5900000| 33%| E|CS|TAMS 0x00000000c5800000, 0x00000000c5854ed0| Complete 
|  39|0x00000000c5900000, 0x00000000c5a00000, 0x00000000c5a00000|100%| E|CS|TAMS 0x00000000c5900000, 0x00000000c5a00000| Complete 
|  40|0x00000000c5a00000, 0x00000000c5b00000, 0x00000000c5b00000|100%| E|CS|TAMS 0x00000000c5a00000, 0x00000000c5b00000| Complete 
|  41|0x00000000c5b00000, 0x00000000c5b00000, 0x00000000c5c00000|  0%| F|  |TAMS 0x00000000c5b00000, 0x00000000c5b00000| Untracked 
|  42|0x00000000c5c00000, 0x00000000c5c00000, 0x00000000c5d00000|  0%| F|  |TAMS 0x00000000c5c00000, 0x00000000c5c00000| Untracked 
|  43|0x00000000c5d00000, 0x00000000c5d00000, 0x00000000c5e00000|  0%| F|  |TAMS 0x00000000c5d00000, 0x00000000c5d00000| Untracked 
|  44|0x00000000c5e00000, 0x00000000c5e00000, 0x00000000c5f00000|  0%| F|  |TAMS 0x00000000c5e00000, 0x00000000c5e00000| Untracked 
|  45|0x00000000c5f00000, 0x00000000c5f00000, 0x00000000c6000000|  0%| F|  |TAMS 0x00000000c5f00000, 0x00000000c5f00000| Untracked 
|  46|0x00000000c6000000, 0x00000000c6000000, 0x00000000c6100000|  0%| F|  |TAMS 0x00000000c6000000, 0x00000000c6000000| Untracked 
|  47|0x00000000c6100000, 0x00000000c6100000, 0x00000000c6200000|  0%| F|  |TAMS 0x00000000c6100000, 0x00000000c6100000| Untracked 
|  48|0x00000000c6200000, 0x00000000c6200000, 0x00000000c6300000|  0%| F|  |TAMS 0x00000000c6200000, 0x00000000c6200000| Untracked 
|  49|0x00000000c6300000, 0x00000000c6300000, 0x00000000c6400000|  0%| F|  |TAMS 0x00000000c6300000, 0x00000000c6300000| Untracked 
|  50|0x00000000c6400000, 0x00000000c6400000, 0x00000000c6500000|  0%| F|  |TAMS 0x00000000c6400000, 0x00000000c6400000| Untracked 
|  51|0x00000000c6500000, 0x00000000c6500000, 0x00000000c6600000|  0%| F|  |TAMS 0x00000000c6500000, 0x00000000c6500000| Untracked 
|  52|0x00000000c6600000, 0x00000000c6677da8, 0x00000000c6700000| 46%| S|  |TAMS 0x00000000c6600000, 0x00000000c6600000| Complete 
|  53|0x00000000c6700000, 0x00000000c6800000, 0x00000000c6800000|100%| S|  |TAMS 0x00000000c6700000, 0x00000000c6700000| Complete 
|  54|0x00000000c6800000, 0x00000000c6900000, 0x00000000c6900000|100%| S|  |TAMS 0x00000000c6800000, 0x00000000c6800000| Complete 
|  55|0x00000000c6900000, 0x00000000c69490b8, 0x00000000c6a00000| 28%| E|CS|TAMS 0x00000000c6900000, 0x00000000c69490b8| Complete 
|  56|0x00000000c6a00000, 0x00000000c6b00000, 0x00000000c6b00000|100%| E|CS|TAMS 0x00000000c6a00000, 0x00000000c6b00000| Complete 
|  57|0x00000000c6b00000, 0x00000000c6c00000, 0x00000000c6c00000|100%| E|CS|TAMS 0x00000000c6b00000, 0x00000000c6c00000| Complete 
|  58|0x00000000c6c00000, 0x00000000c6d00000, 0x00000000c6d00000|100%| E|CS|TAMS 0x00000000c6c00000, 0x00000000c6d00000| Complete 
|  59|0x00000000c6d00000, 0x00000000c6e00000, 0x00000000c6e00000|100%| E|CS|TAMS 0x00000000c6d00000, 0x00000000c6e00000| Complete 
|  60|0x00000000c6e00000, 0x00000000c6f00000, 0x00000000c6f00000|100%| E|CS|TAMS 0x00000000c6e00000, 0x00000000c6f00000| Complete 
|  61|0x00000000c6f00000, 0x00000000c7000000, 0x00000000c7000000|100%| E|CS|TAMS 0x00000000c6f00000, 0x00000000c7000000| Complete 

Card table byte_map: [0x00000136b7db0000,0x00000136b7fa0000] _byte_map_base: 0x00000136b7797000

Marking Bits (Prev, Next): (CMBitMap*) 0x00000136af8a8220, (CMBitMap*) 0x00000136af8a8260
 Prev Bits: [0x00000136b8190000, 0x00000136b90c8000)
 Next Bits: [0x00000136b90d0000, 0x00000136ba008000)

Polling page: 0x00000136af740000

Metaspace:

Usage:
  Non-class:     18.34 MB used.
      Class:      2.40 MB used.
       Both:     20.75 MB used.

Virtual space:
  Non-class space:       24.00 MB reserved,      18.44 MB ( 77%) committed,  3 nodes.
      Class space:        1.00 GB reserved,       2.56 MB ( <1%) committed,  1 nodes.
             Both:        1.02 GB reserved,      21.00 MB (  2%) committed. 

Chunk freelists:
   Non-Class:  1.38 MB
       Class:  1.47 MB
        Both:  2.84 MB

MaxMetaspaceSize: unlimited
CompressedClassSpaceSize: 1.00 GB
Initial GC threshold: 21.00 MB
Current GC threshold: 21.00 MB
CDS: off
MetaspaceReclaimPolicy: balanced
 - commit_granule_bytes: 65536.
 - commit_granule_words: 8192.
 - virtual_space_node_default_size: 1048576.
 - enlarge_chunks_in_place: 1.
 - new_chunks_are_fully_committed: 0.
 - uncommit_free_chunks: 1.
 - use_allocation_guard: 0.
 - handle_deallocations: 1.


Internal statistics:

num_allocs_failed_limit: 3.
num_arena_births: 260.
num_arena_deaths: 0.
num_vsnodes_births: 4.
num_vsnodes_deaths: 0.
num_space_committed: 336.
num_space_uncommitted: 0.
num_chunks_returned_to_freelist: 3.
num_chunks_taken_from_freelist: 630.
num_chunk_merges: 3.
num_chunk_splits: 382.
num_chunks_enlarged: 247.
num_purges: 0.
num_inconsistent_stats: 0.

CodeCache: size=49152Kb used=5206Kb max_used=5206Kb free=43945Kb
 bounds [0x00000136b4720000, 0x00000136b4c40000, 0x00000136b7720000]
 total_blobs=2476 nmethods=2010 adapters=392
 compilation: enabled
              stopped_count=0, restarted_count=0
 full_count=0

Compilation events (20 events):
Event: 3.768 Thread 0x00000136bd0aa790 2001       1       java.util.concurrent.ConcurrentHashMap::isEmpty (15 bytes)
Event: 3.769 Thread 0x00000136bd0aa790 nmethod 2001 0x00000136b4c31e10 code [0x00000136b4c31fa0, 0x00000136b4c320a8]
Event: 3.794 Thread 0x00000136bd0aa790 2002       1       java.security.PermissionCollection::isReadOnly (5 bytes)
Event: 3.794 Thread 0x00000136bd0aa790 nmethod 2002 0x00000136b4c32110 code [0x00000136b4c322a0, 0x00000136b4c32378]
Event: 3.797 Thread 0x00000136c1006060 2003       1       java.util.LinkedHashMap::newNode (23 bytes)
Event: 3.797 Thread 0x00000136bc602ea0 2004       1       java.util.LinkedHashMap::afterNodeInsertion (40 bytes)
Event: 3.797 Thread 0x00000136c1006060 nmethod 2003 0x00000136b4c32410 code [0x00000136b4c325c0, 0x00000136b4c329b8]
Event: 3.798 Thread 0x00000136bc602ea0 nmethod 2004 0x00000136b4c32a90 code [0x00000136b4c32c40, 0x00000136b4c32e08]
Event: 3.810 Thread 0x00000136bc602ea0 2005       1       java.lang.ClassLoader::getUnnamedModule (5 bytes)
Event: 3.810 Thread 0x00000136bc602ea0 nmethod 2005 0x00000136b4c32f10 code [0x00000136b4c330a0, 0x00000136b4c33178]
Event: 3.852 Thread 0x00000136c1006060 2006       1       java.nio.Buffer::nextGetIndex (32 bytes)
Event: 3.852 Thread 0x00000136c1006060 nmethod 2006 0x00000136b4c33210 code [0x00000136b4c333a0, 0x00000136b4c334e8]
Event: 3.853 Thread 0x00000136bc602ea0 2007       1       java.nio.HeapByteBuffer::byteOffset (7 bytes)
Event: 3.853 Thread 0x00000136bc602ea0 nmethod 2007 0x00000136b4c33590 code [0x00000136b4c33720, 0x00000136b4c337f8]
Event: 3.856 Thread 0x00000136bd0aa790 2008       1       jdk.internal.org.objectweb.asm.Frame::merge (395 bytes)
Event: 3.858 Thread 0x00000136bd0aa790 nmethod 2008 0x00000136b4c33890 code [0x00000136b4c33ae0, 0x00000136b4c343f8]
Event: 3.859 Thread 0x00000136bd0aa790 2009       1       ch.qos.logback.classic.util.ContextSelectorStaticBinder::getContextSelector (5 bytes)
Event: 3.859 Thread 0x00000136bd0aa790 nmethod 2009 0x00000136b4c34a10 code [0x00000136b4c34ba0, 0x00000136b4c34c78]
Event: 3.869 Thread 0x00000136bd0aa790 2010       1       java.lang.Module::canRead (86 bytes)
Event: 3.871 Thread 0x00000136bd0aa790 nmethod 2010 0x00000136b4c34d10 code [0x00000136b4c34fa0, 0x00000136b4c35808]

GC Heap History (7 events):
Event: 1.891 GC heap before
{Heap before GC invocations=0 (full 0):
 garbage-first heap   total 63488K, used 13312K [0x00000000c3200000, 0x0000000100000000)
  region size 1024K, 13 young (13312K), 0 survivors (0K)
 Metaspace       used 13549K, committed 13760K, reserved 1064960K
  class space    used 1384K, committed 1472K, reserved 1048576K
}
Event: 1.904 GC heap after
{Heap after GC invocations=1 (full 0):
 garbage-first heap   total 63488K, used 6224K [0x00000000c3200000, 0x0000000100000000)
  region size 1024K, 2 young (2048K), 2 survivors (2048K)
 Metaspace       used 13549K, committed 13760K, reserved 1064960K
  class space    used 1384K, committed 1472K, reserved 1048576K
}
Event: 2.413 GC heap before
{Heap before GC invocations=1 (full 0):
 garbage-first heap   total 63488K, used 14416K [0x00000000c3200000, 0x0000000100000000)
  region size 1024K, 11 young (11264K), 2 survivors (2048K)
 Metaspace       used 15853K, committed 16064K, reserved 1064960K
  class space    used 1698K, committed 1792K, reserved 1048576K
}
Event: 2.424 GC heap after
{Heap after GC invocations=2 (full 0):
 garbage-first heap   total 63488K, used 7720K [0x00000000c3200000, 0x0000000100000000)
  region size 1024K, 2 young (2048K), 2 survivors (2048K)
 Metaspace       used 15853K, committed 16064K, reserved 1064960K
  class space    used 1698K, committed 1792K, reserved 1048576K
}
Event: 3.658 GC heap before
{Heap before GC invocations=2 (full 0):
 garbage-first heap   total 63488K, used 27176K [0x00000000c3200000, 0x0000000100000000)
  region size 1024K, 21 young (21504K), 2 survivors (2048K)
 Metaspace       used 19625K, committed 19904K, reserved 1073152K
  class space    used 2286K, committed 2432K, reserved 1048576K
}
Event: 3.665 GC heap after
{Heap after GC invocations=3 (full 0):
 garbage-first heap   total 63488K, used 8824K [0x00000000c3200000, 0x0000000100000000)
  region size 1024K, 3 young (3072K), 3 survivors (3072K)
 Metaspace       used 19625K, committed 19904K, reserved 1073152K
  class space    used 2286K, committed 2432K, reserved 1048576K
}
Event: 3.877 GC heap before
{Heap before GC invocations=3 (full 0):
 garbage-first heap   total 63488K, used 13944K [0x00000000c3200000, 0x0000000100000000)
  region size 1024K, 10 young (10240K), 3 survivors (3072K)
 Metaspace       used 21245K, committed 21504K, reserved 1073152K
  class space    used 2461K, committed 2624K, reserved 1048576K
}

Deoptimization events (2 events):
Event: 2.209 Thread 0x00000136af8798a0 DEOPT PACKING pc=0x00000136b4952275 sp=0x000000275b9fdbb0
Event: 2.209 Thread 0x00000136af8798a0 DEOPT UNPACKING pc=0x00000136b4772b24 sp=0x000000275b9fd008 mode 3

Classes unloaded (0 events):
No events

Classes redefined (0 events):
No events

Internal exceptions (20 events):
Event: 3.222 Thread 0x00000136c10f9010 Exception <a 'java/lang/NoSuchMethodError'{0x00000000c6211fd0}: 'java.lang.Object java.lang.invoke.DirectMethodHandle$Holder.newInvokeSpecial(java.lang.Object, java.lang.Object, java.lang.Object, java.lang.Object, java.lang.Object, java.lang.Object, int)'> (0x00000000c6211fd0) 
thrown [e:\jenkins\tmp\workspace\build\src\src\hotspot\share\interpreter\linkResolver.cpp, line 766]
Event: 3.223 Thread 0x00000136c10f9010 Exception <a 'java/lang/NoSuchMethodError'{0x00000000c6217010}: 'java.lang.Object java.lang.invoke.DirectMethodHandle$Holder.invokeSpecial(java.lang.Object, java.lang.Object, java.lang.Object, java.lang.Object, java.lang.Object, java.lang.Object, java.lang.Object, int)'> (0x00000000c6217010) 
thrown [e:\jenkins\tmp\workspace\build\src\src\hotspot\share\interpreter\linkResolver.cpp, line 766]
Event: 3.326 Thread 0x00000136c10f9010 Exception <a 'java/lang/NoSuchMethodError'{0x00000000c61d09e8}: 'int java.lang.invoke.DirectMethodHandle$Holder.invokeVirtual(java.lang.Object, java.lang.Object)'> (0x00000000c61d09e8) 
thrown [e:\jenkins\tmp\workspace\build\src\src\hotspot\share\interpreter\linkResolver.cpp, line 766]
Event: 3.358 Thread 0x00000136c10f9010 Exception <a 'java/lang/NoSuchMethodError'{0x00000000c605cec8}: 'java.lang.Object java.lang.invoke.DirectMethodHandle$Holder.invokeSpecial(java.lang.Object, java.lang.Object, java.lang.Object, int, java.lang.Object)'> (0x00000000c605cec8) 
thrown [e:\jenkins\tmp\workspace\build\src\src\hotspot\share\interpreter\linkResolver.cpp, line 766]
Event: 3.359 Thread 0x00000136c10f9010 Exception <a 'java/lang/NoSuchMethodError'{0x00000000c6065438}: 'java.lang.Object java.lang.invoke.DirectMethodHandle$Holder.newInvokeSpecial(java.lang.Object, java.lang.Object, java.lang.Object, int, java.lang.Object)'> (0x00000000c6065438) 
thrown [e:\jenkins\tmp\workspace\build\src\src\hotspot\share\interpreter\linkResolver.cpp, line 766]
Event: 3.363 Thread 0x00000136c10f9010 Exception <a 'java/lang/NoSuchMethodError'{0x00000000c607ca28}: 'java.lang.Object java.lang.invoke.DirectMethodHandle$Holder.newInvokeSpecial(java.lang.Object, int, java.lang.Object)'> (0x00000000c607ca28) 
thrown [e:\jenkins\tmp\workspace\build\src\src\hotspot\share\interpreter\linkResolver.cpp, line 766]
Event: 3.365 Thread 0x00000136c10f9010 Exception <a 'java/lang/NoSuchMethodError'{0x00000000c6080aa8}: 'int java.lang.invoke.DirectMethodHandle$Holder.invokeSpecialIFC(java.lang.Object, java.lang.Object, java.lang.Object, java.lang.Object)'> (0x00000000c6080aa8) 
thrown [e:\jenkins\tmp\workspace\build\src\src\hotspot\share\interpreter\linkResolver.cpp, line 766]
Event: 3.402 Thread 0x00000136c10f9010 Exception <a 'java/lang/NoSuchMethodError'{0x00000000c5f38480}: 'java.lang.Object java.lang.invoke.DirectMethodHandle$Holder.invokeInterface(java.lang.Object, java.lang.Object)'> (0x00000000c5f38480) 
thrown [e:\jenkins\tmp\workspace\build\src\src\hotspot\share\interpreter\linkResolver.cpp, line 766]
Event: 3.408 Thread 0x00000136c10f9010 Exception <a 'java/lang/NoSuchMethodError'{0x00000000c5f49320}: 'void java.lang.invoke.DirectMethodHandle$Holder.invokeInterface(java.lang.Object, java.lang.Object, java.lang.Object)'> (0x00000000c5f49320) 
thrown [e:\jenkins\tmp\workspace\build\src\src\hotspot\share\interpreter\linkResolver.cpp, line 766]
Event: 3.464 Thread 0x00000136c10f9010 Exception <a 'java/lang/NoSuchMethodError'{0x00000000c5e0de40}: 'java.lang.Object java.lang.invoke.DirectMethodHandle$Holder.invokeVirtual(java.lang.Object, java.lang.Object, java.lang.Object)'> (0x00000000c5e0de40) 
thrown [e:\jenkins\tmp\workspace\build\src\src\hotspot\share\interpreter\linkResolver.cpp, line 766]
Event: 3.496 Thread 0x00000136c10f9010 Exception <a 'java/lang/NoSuchMethodError'{0x00000000c5eafde8}: 'void java.lang.invoke.DirectMethodHandle$Holder.invokeStatic(java.lang.Object, java.lang.Object, int)'> (0x00000000c5eafde8) 
thrown [e:\jenkins\tmp\workspace\build\src\src\hotspot\share\interpreter\linkResolver.cpp, line 766]
Event: 3.498 Thread 0x00000136c10f9010 Exception <a 'java/lang/NoSuchMethodError'{0x00000000c5eb7b58}: 'void java.lang.invoke.DirectMethodHandle$Holder.invokeStaticInit(java.lang.Object, java.lang.Object)'> (0x00000000c5eb7b58) 
thrown [e:\jenkins\tmp\workspace\build\src\src\hotspot\share\interpreter\linkResolver.cpp, line 766]
Event: 3.501 Thread 0x00000136c10f9010 Exception <a 'java/lang/NoSuchMethodError'{0x00000000c5ec5dd8}: 'void java.lang.invoke.DirectMethodHandle$Holder.invokeStaticInit(java.lang.Object, java.lang.Object, java.lang.Object)'> (0x00000000c5ec5dd8) 
thrown [e:\jenkins\tmp\workspace\build\src\src\hotspot\share\interpreter\linkResolver.cpp, line 766]
Event: 3.525 Thread 0x00000136c10f9010 Exception <a 'java/lang/NoSuchMethodError'{0x00000000c5d197a0}: 'void java.lang.invoke.DirectMethodHandle$Holder.invokeVirtual(java.lang.Object, java.lang.Object, java.lang.Object, java.lang.Object)'> (0x00000000c5d197a0) 
thrown [e:\jenkins\tmp\workspace\build\src\src\hotspot\share\interpreter\linkResolver.cpp, line 766]
Event: 3.601 Thread 0x00000136c10f9010 Exception <a 'java/lang/NoSuchMethodError'{0x00000000c5c70198}: 'void java.lang.invoke.DirectMethodHandle$Holder.invokeSpecial(java.lang.Object, java.lang.Object, java.lang.Object)'> (0x00000000c5c70198) 
thrown [e:\jenkins\tmp\workspace\build\src\src\hotspot\share\interpreter\linkResolver.cpp, line 766]
Event: 3.604 Thread 0x00000136c10f9010 Exception <a 'java/lang/NoSuchMethodError'{0x00000000c5c76788}: 'void java.lang.invoke.DirectMethodHandle$Holder.invokeSpecial(java.lang.Object, java.lang.Object, java.lang.Object, java.lang.Object, java.lang.Object)'> (0x00000000c5c76788) 
thrown [e:\jenkins\tmp\workspace\build\src\src\hotspot\share\interpreter\linkResolver.cpp, line 766]
Event: 3.627 Thread 0x00000136c10f94e0 Exception <a 'java/lang/NoClassDefFoundError'{0x00000000c5cdd2d0}: javax/validation/Validation> (0x00000000c5cdd2d0) 
thrown [e:\jenkins\tmp\workspace\build\src\src\hotspot\share\classfile\systemDictionary.cpp, line 245]
Event: 3.691 Thread 0x00000136c103e160 Exception <a 'java/lang/reflect/InvocationTargetException'{0x00000000c6e71a40}> (0x00000000c6e71a40) 
thrown [e:\jenkins\tmp\workspace\build\src\src\hotspot\share\runtime\reflection.cpp, line 1121]
Event: 3.708 Thread 0x00000136c10f94e0 Exception <a 'java/lang/NoSuchMethodError'{0x00000000c6e97ad0}: 'java.lang.Object java.lang.invoke.DirectMethodHandle$Holder.invokeStaticInit(java.lang.Object, java.lang.Object, java.lang.Object)'> (0x00000000c6e97ad0) 
thrown [e:\jenkins\tmp\workspace\build\src\src\hotspot\share\interpreter\linkResolver.cpp, line 766]
Event: 3.710 Thread 0x00000136c10f94e0 Exception <a 'java/lang/NoSuchMethodError'{0x00000000c6e9d9c0}: 'java.lang.Object java.lang.invoke.DirectMethodHandle$Holder.invokeStaticInit(java.lang.Object, java.lang.Object, java.lang.Object, java.lang.Object, java.lang.Object)'> (0x00000000c6e9d9c0) 
thrown [e:\jenkins\tmp\workspace\build\src\src\hotspot\share\interpreter\linkResolver.cpp, line 766]

VM Operations (20 events):
Event: 1.451 Executing VM operation: HandshakeAllThreads done
Event: 1.890 Executing VM operation: G1CollectForAllocation
Event: 1.904 Executing VM operation: G1CollectForAllocation done
Event: 2.020 Executing VM operation: HandshakeAllThreads
Event: 2.020 Executing VM operation: HandshakeAllThreads done
Event: 2.087 Executing VM operation: HandshakeAllThreads
Event: 2.087 Executing VM operation: HandshakeAllThreads done
Event: 2.412 Executing VM operation: G1CollectForAllocation
Event: 2.424 Executing VM operation: G1CollectForAllocation done
Event: 2.602 Executing VM operation: HandshakeAllThreads
Event: 2.602 Executing VM operation: HandshakeAllThreads done
Event: 3.321 Executing VM operation: HandshakeAllThreads
Event: 3.321 Executing VM operation: HandshakeAllThreads done
Event: 3.530 Executing VM operation: ICBufferFull
Event: 3.530 Executing VM operation: ICBufferFull done
Event: 3.648 Executing VM operation: HandshakeAllThreads
Event: 3.648 Executing VM operation: HandshakeAllThreads done
Event: 3.658 Executing VM operation: G1CollectForAllocation
Event: 3.665 Executing VM operation: G1CollectForAllocation done
Event: 3.876 Executing VM operation: CollectForMetadataAllocation

Events (20 events):
Event: 3.760 loading class jdk/xml/internal/JdkProperty$ImplPropMap
Event: 3.760 loading class jdk/xml/internal/JdkProperty$ImplPropMap done
Event: 3.761 loading class jdk/xml/internal/JdkProperty$State
Event: 3.761 loading class jdk/xml/internal/JdkProperty$State done
Event: 3.761 loading class com/sun/org/apache/xalan/internal/utils/XMLSecurityPropertyManager
Event: 3.761 loading class com/sun/org/apache/xalan/internal/utils/FeaturePropertyBase
Event: 3.761 loading class com/sun/org/apache/xalan/internal/utils/FeaturePropertyBase done
Event: 3.761 loading class com/sun/org/apache/xalan/internal/utils/XMLSecurityPropertyManager done
Event: 3.761 loading class com/sun/org/apache/xalan/internal/utils/FeaturePropertyBase$State
Event: 3.762 loading class com/sun/org/apache/xalan/internal/utils/FeaturePropertyBase$State done
Event: 3.762 loading class com/sun/org/apache/xalan/internal/utils/XMLSecurityPropertyManager$Property
Event: 3.762 loading class com/sun/org/apache/xalan/internal/utils/XMLSecurityPropertyManager$Property done
Event: 3.762 loading class com/sun/org/apache/xalan/internal/utils/XMLSecurityManager
Event: 3.763 loading class com/sun/org/apache/xalan/internal/utils/XMLSecurityManager done
Event: 3.763 loading class com/sun/org/apache/xalan/internal/utils/XMLSecurityManager$Limit
Event: 3.763 loading class com/sun/org/apache/xalan/internal/utils/XMLSecurityManager$Limit done
Event: 3.763 loading class com/sun/org/apache/xalan/internal/utils/XMLSecurityManager$NameMap
Event: 3.763 loading class com/sun/org/apache/xalan/internal/utils/XMLSecurityManager$NameMap done
Event: 3.764 loading class jdk/xml/internal/JdkProperty
Event: 3.764 loading class jdk/xml/internal/JdkProperty done


Dynamic libraries:
0x00007ff778c10000 - 0x00007ff778c1e000 	C:\Users\Roberta\OneDrive\RESIDÊNCIA DE SOFTWARE - SERRATEC\API\sts-4.14.1.RELEASE\plugins\org.eclipse.justj.openjdk.hotspot.jre.full.win32.x86_64_17.0.2.v20220201-1208\jre\bin\javaw.exe
0x00007ffd36170000 - 0x00007ffd36365000 	C:\Windows\SYSTEM32\ntdll.dll
0x00007ffd350b0000 - 0x00007ffd3516d000 	C:\Windows\System32\KERNEL32.DLL
0x00007ffd339e0000 - 0x00007ffd33cad000 	C:\Windows\System32\KERNELBASE.dll
0x00007ffd34050000 - 0x00007ffd34150000 	C:\Windows\System32\ucrtbase.dll
0x00007ffd2dbc0000 - 0x00007ffd2dbd8000 	C:\Users\Roberta\OneDrive\RESIDÊNCIA DE SOFTWARE - SERRATEC\API\sts-4.14.1.RELEASE\plugins\org.eclipse.justj.openjdk.hotspot.jre.full.win32.x86_64_17.0.2.v20220201-1208\jre\bin\jli.dll
0x00007ffd35f10000 - 0x00007ffd360b0000 	C:\Windows\System32\USER32.dll
0x00007ffd33cb0000 - 0x00007ffd33cd2000 	C:\Windows\System32\win32u.dll
0x00007ffd35070000 - 0x00007ffd3509a000 	C:\Windows\System32\GDI32.dll
0x00007ffd338d0000 - 0x00007ffd339db000 	C:\Windows\System32\gdi32full.dll
0x00007ffd33da0000 - 0x00007ffd33e3d000 	C:\Windows\System32\msvcp_win.dll
0x00007ffd1fc10000 - 0x00007ffd1fc29000 	C:\Users\Roberta\OneDrive\RESIDÊNCIA DE SOFTWARE - SERRATEC\API\sts-4.14.1.RELEASE\plugins\org.eclipse.justj.openjdk.hotspot.jre.full.win32.x86_64_17.0.2.v20220201-1208\jre\bin\VCRUNTIME140.dll
0x00007ffd25a40000 - 0x00007ffd25cda000 	C:\Windows\WinSxS\amd64_microsoft.windows.common-controls_6595b64144ccf1df_6.0.19041.1110_none_60b5254171f9507e\COMCTL32.dll
0x00007ffd34f20000 - 0x00007ffd34fbe000 	C:\Windows\System32\msvcrt.dll
0x00007ffd35170000 - 0x00007ffd351a0000 	C:\Windows\System32\IMM32.DLL
0x00007ffd2f560000 - 0x00007ffd2f56c000 	C:\Users\Roberta\OneDrive\RESIDÊNCIA DE SOFTWARE - SERRATEC\API\sts-4.14.1.RELEASE\plugins\org.eclipse.justj.openjdk.hotspot.jre.full.win32.x86_64_17.0.2.v20220201-1208\jre\bin\vcruntime140_1.dll
0x00007ffd0bac0000 - 0x00007ffd0bb51000 	C:\Users\Roberta\OneDrive\RESIDÊNCIA DE SOFTWARE - SERRATEC\API\sts-4.14.1.RELEASE\plugins\org.eclipse.justj.openjdk.hotspot.jre.full.win32.x86_64_17.0.2.v20220201-1208\jre\bin\msvcp140.dll
0x00007ffce77c0000 - 0x00007ffce8407000 	C:\Users\Roberta\OneDrive\RESIDÊNCIA DE SOFTWARE - SERRATEC\API\sts-4.14.1.RELEASE\plugins\org.eclipse.justj.openjdk.hotspot.jre.full.win32.x86_64_17.0.2.v20220201-1208\jre\bin\server\jvm.dll
0x00007ffd34b10000 - 0x00007ffd34bbe000 	C:\Windows\System32\ADVAPI32.dll
0x00007ffd35500000 - 0x00007ffd3559c000 	C:\Windows\System32\sechost.dll
0x00007ffd34830000 - 0x00007ffd34955000 	C:\Windows\System32\RPCRT4.dll
0x00007ffd34c40000 - 0x00007ffd34c48000 	C:\Windows\System32\PSAPI.DLL
0x00007ffd1cd60000 - 0x00007ffd1cd69000 	C:\Windows\SYSTEM32\WSOCK32.dll
0x00007ffd35750000 - 0x00007ffd357bb000 	C:\Windows\System32\WS2_32.dll
0x00007ffd258f0000 - 0x00007ffd25917000 	C:\Windows\SYSTEM32\WINMM.dll
0x00007ffd22ed0000 - 0x00007ffd22eda000 	C:\Windows\SYSTEM32\VERSION.dll
0x00007ffd31780000 - 0x00007ffd31792000 	C:\Windows\SYSTEM32\kernel.appcore.dll
0x00007ffd2f2e0000 - 0x00007ffd2f2ea000 	C:\Users\Roberta\OneDrive\RESIDÊNCIA DE SOFTWARE - SERRATEC\API\sts-4.14.1.RELEASE\plugins\org.eclipse.justj.openjdk.hotspot.jre.full.win32.x86_64_17.0.2.v20220201-1208\jre\bin\jimage.dll
0x00007ffd21420000 - 0x00007ffd21604000 	C:\Windows\SYSTEM32\DBGHELP.DLL
0x00007ffd21300000 - 0x00007ffd2132c000 	C:\Windows\SYSTEM32\dbgcore.DLL
0x00007ffd33d10000 - 0x00007ffd33d92000 	C:\Windows\System32\bcryptPrimitives.dll
0x00007ffd17b90000 - 0x00007ffd17bb5000 	C:\Users\Roberta\OneDrive\RESIDÊNCIA DE SOFTWARE - SERRATEC\API\sts-4.14.1.RELEASE\plugins\org.eclipse.justj.openjdk.hotspot.jre.full.win32.x86_64_17.0.2.v20220201-1208\jre\bin\java.dll
0x00007ffd27ae0000 - 0x00007ffd27af8000 	C:\Users\Roberta\OneDrive\RESIDÊNCIA DE SOFTWARE - SERRATEC\API\sts-4.14.1.RELEASE\plugins\org.eclipse.justj.openjdk.hotspot.jre.full.win32.x86_64_17.0.2.v20220201-1208\jre\bin\zip.dll
0x00007ffd357c0000 - 0x00007ffd35f04000 	C:\Windows\System32\SHELL32.dll
0x00007ffd31980000 - 0x00007ffd32114000 	C:\Windows\SYSTEM32\windows.storage.dll
0x00007ffd351a0000 - 0x00007ffd354f4000 	C:\Windows\System32\combase.dll
0x00007ffd332e0000 - 0x00007ffd3330c000 	C:\Windows\SYSTEM32\Wldp.dll
0x00007ffd341c0000 - 0x00007ffd3426d000 	C:\Windows\System32\SHCORE.dll
0x00007ffd360b0000 - 0x00007ffd36105000 	C:\Windows\System32\shlwapi.dll
0x00007ffd337c0000 - 0x00007ffd337df000 	C:\Windows\SYSTEM32\profapi.dll
0x00007ffd27580000 - 0x00007ffd27599000 	C:\Users\Roberta\OneDrive\RESIDÊNCIA DE SOFTWARE - SERRATEC\API\sts-4.14.1.RELEASE\plugins\org.eclipse.justj.openjdk.hotspot.jre.full.win32.x86_64_17.0.2.v20220201-1208\jre\bin\net.dll
0x00007ffd25120000 - 0x00007ffd2522a000 	C:\Windows\SYSTEM32\WINHTTP.dll
0x00007ffd33040000 - 0x00007ffd330aa000 	C:\Windows\system32\mswsock.dll
0x00007ffd26300000 - 0x00007ffd26315000 	C:\Users\Roberta\OneDrive\RESIDÊNCIA DE SOFTWARE - SERRATEC\API\sts-4.14.1.RELEASE\plugins\org.eclipse.justj.openjdk.hotspot.jre.full.win32.x86_64_17.0.2.v20220201-1208\jre\bin\nio.dll
0x00007ffd28920000 - 0x00007ffd28929000 	C:\Users\Roberta\OneDrive\RESIDÊNCIA DE SOFTWARE - SERRATEC\API\sts-4.14.1.RELEASE\plugins\org.eclipse.justj.openjdk.hotspot.jre.full.win32.x86_64_17.0.2.v20220201-1208\jre\bin\management.dll
0x00007ffd28240000 - 0x00007ffd2824b000 	C:\Users\Roberta\OneDrive\RESIDÊNCIA DE SOFTWARE - SERRATEC\API\sts-4.14.1.RELEASE\plugins\org.eclipse.justj.openjdk.hotspot.jre.full.win32.x86_64_17.0.2.v20220201-1208\jre\bin\management_ext.dll
0x00007ffd2ac50000 - 0x00007ffd2ac67000 	C:\Windows\system32\napinsp.dll
0x00007ffd2ac30000 - 0x00007ffd2ac4b000 	C:\Windows\system32\pnrpnsp.dll
0x00007ffd2e410000 - 0x00007ffd2e425000 	C:\Windows\system32\wshbth.dll
0x00007ffd2f2c0000 - 0x00007ffd2f2dd000 	C:\Windows\system32\NLAapi.dll
0x00007ffd32ce0000 - 0x00007ffd32d1b000 	C:\Windows\SYSTEM32\IPHLPAPI.DLL
0x00007ffd32d30000 - 0x00007ffd32dfb000 	C:\Windows\SYSTEM32\DNSAPI.dll
0x00007ffd34820000 - 0x00007ffd34828000 	C:\Windows\System32\NSI.dll
0x00007ffd2abe0000 - 0x00007ffd2abf2000 	C:\Windows\System32\winrnr.dll
0x00007ffd24020000 - 0x00007ffd2402a000 	C:\Windows\System32\rasadhlp.dll
0x00007ffd24ae0000 - 0x00007ffd24b60000 	C:\Windows\System32\fwpuclnt.dll
0x00007ffd33ce0000 - 0x00007ffd33d07000 	C:\Windows\System32\bcrypt.dll
0x00007ffd33230000 - 0x00007ffd33248000 	C:\Windows\SYSTEM32\CRYPTSP.dll
0x00007ffd32950000 - 0x00007ffd32984000 	C:\Windows\system32\rsaenh.dll
0x00007ffd33740000 - 0x00007ffd3376e000 	C:\Windows\SYSTEM32\USERENV.dll
0x00007ffd33250000 - 0x00007ffd3325c000 	C:\Windows\SYSTEM32\CRYPTBASE.dll
0x00007ffd28da0000 - 0x00007ffd28db7000 	C:\Windows\SYSTEM32\dhcpcsvc6.DLL
0x00007ffd29210000 - 0x00007ffd2922d000 	C:\Windows\SYSTEM32\dhcpcsvc.DLL
0x00007ffd2ac10000 - 0x00007ffd2ac20000 	C:\Users\Roberta\OneDrive\RESIDÊNCIA DE SOFTWARE - SERRATEC\API\sts-4.14.1.RELEASE\plugins\org.eclipse.justj.openjdk.hotspot.jre.full.win32.x86_64_17.0.2.v20220201-1208\jre\bin\verify.dll

dbghelp: loaded successfully - version: 4.0.5 - missing functions: none
symbol engine: initialized successfully - sym options: 0x614 - pdb path: .;C:\Users\Roberta\OneDrive\RESIDÊNCIA DE SOFTWARE - SERRATEC\API\sts-4.14.1.RELEASE\plugins\org.eclipse.justj.openjdk.hotspot.jre.full.win32.x86_64_17.0.2.v20220201-1208\jre\bin;C:\Windows\SYSTEM32;C:\Windows\WinSxS\amd64_microsoft.windows.common-controls_6595b64144ccf1df_6.0.19041.1110_none_60b5254171f9507e;C:\Users\Roberta\OneDrive\RESIDÊNCIA DE SOFTWARE - SERRATEC\API\sts-4.14.1.RELEASE\plugins\org.eclipse.justj.openjdk.hotspot.jre.full.win32.x86_64_17.0.2.v20220201-1208\jre\bin\server

VM Arguments:
jvm_args: -Dcom.sun.management.jmxremote -Dcom.sun.management.jmxremote.port=64680 -Dcom.sun.management.jmxremote.authenticate=false -Dcom.sun.management.jmxremote.ssl=false -Djava.rmi.server.hostname=localhost -Dspring.jmx.enabled=true -Dspring.application.admin.enabled=true -XX:TieredStopAtLevel=1 -Dspring.boot.project.name=academia -Dfile.encoding=UTF-8 -XX:+ShowCodeDetailsInExceptionMessages 
java_command: com.residencia.academia.AcademiaApplication --spring.output.ansi.enabled=always
java_class_path (initial): C:\Users\Roberta\OneDrive\RESIDÊNCIA DE SOFTWARE - SERRATEC\API\aulas-praticas\aulas-api\academia\target\classes;C:\Users\Roberta\.m2\repository\org\springframework\boot\spring-boot-starter-data-jpa\2.7.0\spring-boot-starter-data-jpa-2.7.0.jar;C:\Users\Roberta\.m2\repository\org\springframework\boot\spring-boot-starter-aop\2.7.0\spring-boot-starter-aop-2.7.0.jar;C:\Users\Roberta\.m2\repository\org\springframework\spring-aop\5.3.20\spring-aop-5.3.20.jar;C:\Users\Roberta\.m2\repository\org\aspectj\aspectjweaver\1.9.7\aspectjweaver-1.9.7.jar;C:\Users\Roberta\.m2\repository\org\springframework\boot\spring-boot-starter-jdbc\2.7.0\spring-boot-starter-jdbc-2.7.0.jar;C:\Users\Roberta\.m2\repository\com\zaxxer\HikariCP\4.0.3\HikariCP-4.0.3.jar;C:\Users\Roberta\.m2\repository\org\springframework\spring-jdbc\5.3.20\spring-jdbc-5.3.20.jar;C:\Users\Roberta\.m2\repository\jakarta\transaction\jakarta.transaction-api\1.3.3\jakarta.transaction-api-1.3.3.jar;C:\Users\Roberta\.m2\repository\jakarta\persistence\jakarta.persistence-api\2.2.3\jakarta.persistence-api-2.2.3.jar;C:\Users\Roberta\.m2\repository\org\hibernate\hibernate-core\5.6.9.Final\hibernate-core-5.6.9.Final.jar;C:\Users\Roberta\.m2\repository\org\jboss\logging\jboss-logging\3.4.3.Final\jboss-logging-3.4.3.Final.jar;C:\Users\Roberta\.m2\repository\net\bytebuddy\byte-buddy\1.12.10\byte-buddy-1.12.10.jar;C:\Users\Roberta\.m2\repository\antlr\antlr\2.7.7\antlr-2.7.7.jar;C:\Users\Roberta\.m2\repository\org\jboss\jandex\2.4.2.Final\jandex-2.4.2.Final.jar;C:\Users\Roberta\.m2\repository\com\fasterxml\classmate\1.5.1\classmate-1.5.1.jar;C:\Users\Roberta\.m2\repository\org\hibernate\common\hibernate-commons-annotations\5.1.2.Final\hibernate-commons-annotations-5.1.2.Final.jar;C:\Users\Roberta\.m2\repository\org\glassfish\jaxb\jaxb-runtime\2.3.6\jaxb-runtime-2.3.6.jar;C:\Users\Roberta\.m2\repository\org\glassfish\jaxb\txw2\2.3.6\txw2-2.3.6.jar;C:\Users\Roberta\.m2\repository\com\sun\istack\istack-commo
Launcher Type: SUN_STANDARD

[Global flags]
     intx CICompilerCount                          = 3                                         {product} {ergonomic}
     uint ConcGCThreads                            = 1                                         {product} {ergonomic}
     uint G1ConcRefinementThreads                  = 4                                         {product} {ergonomic}
   size_t G1HeapRegionSize                         = 1048576                                   {product} {ergonomic}
    uintx GCDrainStackTargetSize                   = 64                                        {product} {ergonomic}
   size_t InitialHeapSize                          = 65011712                                  {product} {ergonomic}
     bool ManagementServer                         = true                                      {product} {command line}
   size_t MarkStackSize                            = 4194304                                   {product} {ergonomic}
   size_t MaxHeapSize                              = 1021313024                                {product} {ergonomic}
   size_t MaxNewSize                               = 612368384                                 {product} {ergonomic}
   size_t MinHeapDeltaBytes                        = 1048576                                   {product} {ergonomic}
   size_t MinHeapSize                              = 8388608                                   {product} {ergonomic}
    uintx NonProfiledCodeHeapSize                  = 0                                      {pd product} {ergonomic}
     bool ProfileInterpreter                       = false                                  {pd product} {command line}
    uintx ProfiledCodeHeapSize                     = 0                                      {pd product} {ergonomic}
     bool ShowCodeDetailsInExceptionMessages       = true                                   {manageable} {command line}
   size_t SoftMaxHeapSize                          = 1021313024                             {manageable} {ergonomic}
     intx TieredStopAtLevel                        = 1                                         {product} {command line}
     bool UseCompressedClassPointers               = true                           {product lp64_product} {ergonomic}
     bool UseCompressedOops                        = true                           {product lp64_product} {ergonomic}
     bool UseG1GC                                  = true                                      {product} {ergonomic}
     bool UseLargePagesIndividualAllocation        = false                                  {pd product} {ergonomic}

Logging:
Log output configuration:
 #0: stdout all=warning uptime,level,tags
 #1: stderr all=off uptime,level,tags

Environment Variables:
JAVA_HOME=C:\Program Files\Java\jdk-11.0.13
PATH=C:/Users/Roberta/OneDrive/RESIDÊNCIA DE SOFTWARE - SERRATEC/API/sts-4.14.1.RELEASE//plugins/org.eclipse.justj.openjdk.hotspot.jre.full.win32.x86_64_17.0.2.v20220201-1208/jre/bin/server;C:/Users/Roberta/OneDrive/RESIDÊNCIA DE SOFTWARE - SERRATEC/API/sts-4.14.1.RELEASE//plugins/org.eclipse.justj.openjdk.hotspot.jre.full.win32.x86_64_17.0.2.v20220201-1208/jre/bin;C:\Program Files\Common Files\Oracle\Java\javapath;C:\Windows\system32;C:\Windows;C:\Windows\System32\Wbem;C:\Windows\System32\WindowsPowerShell\v1.0\;C:\Windows\System32\OpenSSH\;C:\Program Files\Git\cmd;C:\ProgramData\UNIVALI\Portugol Studio;C:\Program Files (x86)\dotnet\;C:\Program Files\SafeNet\Authentication\SAC\x64;C:\Program Files\SafeNet\Authentication\SAC\x32;C:\Program Files\Java\jdk-11.0.13\bin;C:\Program Files\nodejs\;C:\Users\Roberta\AppData\Local\Microsoft\WindowsApps;C:\Users\Roberta\AppData\Local\GitHubDesktop\bin;C:\Users\Roberta\AppData\Local\Programs\Microsoft VS Code\bin;C:\Users\Roberta\AppData\Roaming\npm;C:\Users\Roberta\OneDrive\RESIDÊNCIA DE SOFTWARE - SERRATEC\API\sts-4.14.1.RELEASE;
USERNAME=Roberta
OS=Windows_NT
PROCESSOR_IDENTIFIER=Intel64 Family 6 Model 37 Stepping 5, GenuineIntel



---------------  S Y S T E M  ---------------

OS:
 Windows 10 , 64 bit Build 19041 (10.0.19041.1706)
OS uptime: 12 days 11:02 hours

CPU: total 4 (initial active 4) (2 cores per cpu, 2 threads per core) family 6 model 37 stepping 5 microcode 0x7, cx8, cmov, fxsr, ht, mmx, sse, sse2, sse3, ssse3, sse4.1, sse4.2, popcnt, tsc, tscinvbit, clflush

Memory: 4k page, system-wide physical 3893M (364M free)
TotalPageFile size 10504M (AvailPageFile size 3134M)
current process WorkingSet (physical memory assigned to process): 94M, peak: 94M
current process commit charge ("private bytes"): 153M, peak: 153M

vm_info: OpenJDK 64-Bit Server VM (17.0.2+8) for windows-amd64 JRE (17.0.2+8), built on Jan 20 2022 04:52:34 by "" with MS VC++ 16.7 (VS2019)

END.
